<?xml version="1.0" encoding="UTF-8"?>
<!-- Generated by org.testng.reporters.JUnitReportReporter -->
<testsuite hostname="DESKTOP-9HG1TI6" failures="0" tests="2" name="test.day3" time="0.005" errors="0" timestamp="2024-11-04T23:36:45 IST" skipped="0">
  <testcase classname="test.day3" name="LoginAPICarLoan" time="0.002"/>
  <testcase classname="test.day3" name="WebLoginCarLoan" time="0.003"/>
</testsuite> <!-- test.day3 -->
