<?xml version="1.0" encoding="UTF-8"?>
<!-- Generated by org.testng.reporters.JUnitReportReporter -->
<testsuite hostname="DESKTOP-9HG1TI6" failures="0" tests="1" name="test.day2" time="0.009" errors="0" timestamp="2024-11-04T23:06:43 IST" skipped="0">
  <testcase classname="test.day2" name="Ploan" time="0.009"/>
</testsuite> <!-- test.day2 -->
