<?xml version="1.0" encoding="UTF-8"?>
<!-- Generated by org.testng.reporters.JUnitReportReporter -->
<testsuite hostname="DESKTOP-9HG1TI6" failures="0" tests="1" name="test.day2" time="0.026" errors="0" timestamp="2024-12-07T09:21:18 IST" skipped="0">
  <testcase classname="test.day2" name="secondTest" time="0.026"/>
</testsuite> <!-- test.day2 -->
