<?xml version="1.0" encoding="UTF-8"?>
<!-- Generated by org.testng.reporters.JUnitReportReporter -->
<testsuite hostname="DESKTOP-9HG1TI6" failures="0" tests="5" name="test.day3" time="0.065" errors="0" timestamp="2024-12-02T01:14:38 IST" skipped="0">
  <testcase classname="test.day3" name="WebLoginCarLoan" time="0.013"/>
  <testcase classname="test.day3" name="MobileLoginCarLoan" time="0.012"/>
  <testcase classname="test.day3" name="MobilesignoutCarLoan" time="0.008"/>
  <testcase classname="test.day3" name="LoginAPICarLoan" time="0.012"/>
  <testcase classname="test.day3" name="MobilesigninCarLoan" time="0.020"/>
</testsuite> <!-- test.day3 -->
