<?xml version="1.0" encoding="UTF-8"?>
<!-- Generated by org.testng.reporters.JUnitReportReporter -->
<testsuite hostname="DESKTOP-9HG1TI6" failures="0" tests="1" name="test.day4" time="0.002" errors="0" timestamp="2024-11-04T23:36:45 IST" skipped="0">
  <testcase classname="test.day4" name="WebLoginHomeLoan" time="0.002"/>
</testsuite> <!-- test.day4 -->
