<?xml version="1.0" encoding="UTF-8"?>
<!-- Generated by org.testng.reporters.JUnitReportReporter -->
<testsuite hostname="DESKTOP-9HG1TI6" failures="0" tests="2" name="test.day4" time="0.007" errors="0" timestamp="2024-12-03T22:50:40 IST" skipped="0">
  <testcase classname="test.day4" name="LoginAPIHomeLoan" time="0.004"/>
  <testcase classname="test.day4" name="WebLoginHomeLoan" time="0.003"/>
</testsuite> <!-- test.day4 -->
