<?xml version="1.0" encoding="UTF-8"?>
<!-- Generated by org.testng.reporters.JUnitReportReporter -->
<testsuite hostname="DESKTOP-9HG1TI6" failures="0" tests="2" name="test.day1" time="0.036" errors="0" timestamp="2024-12-02T00:35:08 IST" skipped="0">
  <testcase classname="test.day1" name="Demo" time="0.026"/>
  <testcase classname="test.day1" name="SecondTest" time="0.010"/>
</testsuite> <!-- test.day1 -->
