<?xml version="1.0" encoding="UTF-8"?>
<!-- Generated by org.testng.reporters.JUnitReportReporter -->
<testsuite hostname="DESKTOP-9HG1TI6" failures="0" tests="5" name="test.day3" time="0.106" errors="0" timestamp="2024-12-02T00:35:08 IST" skipped="0">
  <testcase classname="test.day3" name="MobilesigninCarLoan" time="0.009"/>
  <testcase classname="test.day3" name="WebLoginCarLoan" time="0.002"/>
  <testcase classname="test.day3" name="MobilesignoutCarLoan" time="0.009"/>
  <testcase classname="test.day3" name="MobileLoginCarLoan" time="0.080"/>
  <testcase classname="test.day3" name="LoginAPICarLoan" time="0.006"/>
</testsuite> <!-- test.day3 -->
