<?xml version="1.0" encoding="UTF-8"?>
<!-- Generated by org.testng.reporters.JUnitReportReporter -->
<testsuite hostname="DESKTOP-9HG1TI6" failures="0" tests="2" name="test.day4" time="0.086" errors="0" timestamp="2024-12-07T09:21:18 IST" skipped="0">
  <testcase classname="test.day4" name="LoginAPIHomeLoan" time="0.079"/>
  <testcase classname="test.day4" name="WebLoginHomeLoan" time="0.007"/>
</testsuite> <!-- test.day4 -->
