<?xml version="1.0" encoding="UTF-8"?>
<!-- Generated by org.testng.reporters.JUnitReportReporter -->
<testsuite hostname="DESKTOP-9HG1TI6" failures="0" tests="8" name="test.day3" time="0.119" errors="0" timestamp="2024-12-07T09:21:18 IST" skipped="1">
  <testcase classname="test.day3" name="dataProviderCarLoan" time="0.007"/>
  <testcase classname="test.day3" name="dataProviderCarLoan" time="0.006"/>
  <testcase classname="test.day3" name="MobileLoginCarLoan" time="0.020"/>
  <testcase classname="test.day3" name="WebLoginCarLoan" time="0.013"/>
  <testcase classname="test.day3" name="MobilesignoutCarLoan" time="0.050"/>
  <testcase classname="test.day3" name="dataProviderCarLoan" time="0.012"/>
  <testcase classname="test.day3" name="LoginAPICarLoan" time="0.011"/>
  <testcase classname="test.day3" name="MobilesigninCarLoan">
    <skipped/>
  </testcase> <!-- MobilesigninCarLoan -->
</testsuite> <!-- test.day3 -->
