<?xml version="1.0" encoding="UTF-8"?>
<!-- Generated by org.testng.reporters.JUnitReportReporter -->
<testsuite hostname="DESKTOP-9HG1TI6" failures="0" tests="1" name="test.day2" time="0.023" errors="0" timestamp="2024-12-03T22:50:40 IST" skipped="0">
  <testcase classname="test.day2" name="secondTest" time="0.023"/>
</testsuite> <!-- test.day2 -->
