<?xml version="1.0" encoding="UTF-8"?>
<!-- Generated by org.testng.reporters.JUnitReportReporter -->
<testsuite hostname="DESKTOP-9HG1TI6" failures="0" tests="3" name="test.day3" time="0.010" errors="0" timestamp="2024-11-04T23:26:52 IST" skipped="0">
  <testcase classname="test.day3" name="LoginAPICarLoan" time="0.003"/>
  <testcase classname="test.day3" name="WebLoginCarLoan" time="0.002"/>
  <testcase classname="test.day3" name="MobileLoginCarLoan" time="0.005"/>
</testsuite> <!-- test.day3 -->
