<?xml version="1.0" encoding="UTF-8"?>
<!-- Generated by org.testng.reporters.JUnitReportReporter -->
<testsuite hostname="DESKTOP-9HG1TI6" failures="0" tests="5" name="test.day3" time="0.032" errors="0" timestamp="2024-12-06T21:42:41 IST" skipped="1">
  <testcase classname="test.day3" name="MobilesignoutCarLoan" time="0.012"/>
  <testcase classname="test.day3" name="WebLoginCarLoan" time="0.006"/>
  <testcase classname="test.day3" name="MobileLoginCarLoan" time="0.005"/>
  <testcase classname="test.day3" name="LoginAPICarLoan" time="0.009"/>
  <testcase classname="test.day3" name="MobilesigninCarLoan">
    <skipped/>
  </testcase> <!-- MobilesigninCarLoan -->
</testsuite> <!-- test.day3 -->
