<?xml version="1.0" encoding="UTF-8"?>
<!-- Generated by org.testng.reporters.JUnitReportReporter -->
<testsuite hostname="DESKTOP-9HG1TI6" failures="0" tests="2" name="test.day1" time="0.042" errors="0" timestamp="2024-12-02T00:07:30 IST" skipped="0">
  <testcase classname="test.day1" name="SecondTest" time="0.008"/>
  <testcase classname="test.day1" name="Demo" time="0.034"/>
</testsuite> <!-- test.day1 -->
