<?xml version="1.0" encoding="UTF-8"?>
<!-- Generated by org.testng.reporters.JUnitReportReporter -->
<testsuite hostname="DESKTOP-9HG1TI6" failures="0" tests="2" name="test.day1" time="0.021" errors="0" timestamp="2024-11-04T23:26:52 IST" skipped="0">
  <testcase classname="test.day1" name="Demo" time="0.013"/>
  <testcase classname="test.day1" name="SecondTest" time="0.008"/>
</testsuite> <!-- test.day1 -->
