<?xml version="1.0" encoding="UTF-8"?>
<!-- Generated by org.testng.reporters.JUnitReportReporter -->
<testsuite hostname="DESKTOP-9HG1TI6" failures="0" tests="5" name="test.day3" time="0.046" errors="0" timestamp="2024-12-03T22:50:40 IST" skipped="1">
  <testcase classname="test.day3" name="WebLoginCarLoan" time="0.009"/>
  <testcase classname="test.day3" name="LoginAPICarLoan" time="0.021"/>
  <testcase classname="test.day3" name="MobilesignoutCarLoan" time="0.008"/>
  <testcase classname="test.day3" name="MobileLoginCarLoan" time="0.008"/>
  <testcase classname="test.day3" name="MobilesigninCarLoan">
    <skipped/>
  </testcase> <!-- MobilesigninCarLoan -->
</testsuite> <!-- test.day3 -->
