<?xml version="1.0" encoding="UTF-8"?>
<!-- Generated by org.testng.reporters.JUnitReportReporter -->
<testsuite hostname="DESKTOP-9HG1TI6" failures="0" tests="8" name="test.day3" time="0.180" errors="0" timestamp="2024-12-06T23:21:30 IST" skipped="1">
  <testcase classname="test.day3" name="LoginAPICarLoan" time="0.016"/>
  <testcase classname="test.day3" name="WebLoginCarLoan" time="0.011"/>
  <testcase classname="test.day3" name="dataProviderCarLoan" time="0.006"/>
  <testcase classname="test.day3" name="MobilesignoutCarLoan" time="0.078"/>
  <testcase classname="test.day3" name="dataProviderCarLoan" time="0.023"/>
  <testcase classname="test.day3" name="dataProviderCarLoan" time="0.023"/>
  <testcase classname="test.day3" name="MobileLoginCarLoan" time="0.023"/>
  <testcase classname="test.day3" name="MobilesigninCarLoan">
    <skipped/>
  </testcase> <!-- MobilesigninCarLoan -->
</testsuite> <!-- test.day3 -->
