<?xml version="1.0" encoding="UTF-8"?>
<!-- Generated by org.testng.reporters.JUnitReportReporter -->
<testsuite hostname="DESKTOP-9HG1TI6" failures="0" tests="1" name="test.oop_testng_child" time="0.283" errors="0" timestamp="2024-12-07T11:17:17 IST" skipped="0">
  <testcase classname="test.oop_testng_child" name="testRun" time="0.283"/>
</testsuite> <!-- test.oop_testng_child -->
