<?xml version="1.0" encoding="UTF-8"?>
<!-- Generated by org.testng.reporters.JUnitReportReporter -->
<testsuite hostname="DESKTOP-9HG1TI6" failures="0" tests="1" name="test.day1" time="0.011" errors="0" timestamp="2024-12-06T21:42:41 IST" skipped="0">
  <testcase classname="test.day1" name="firstTest" time="0.011"/>
</testsuite> <!-- test.day1 -->
